<?xml version="1.0" encoding="UTF-8"?>
<!-- Generated by org.testng.reporters.JUnitXMLReporter -->
<testsuite hostname="IBM-SAVANNA" ignored="0" name="Default test" tests="3" failures="0" timestamp="14 mai 2018 01:46:43 GMT" time="18.94" errors="0">
  <testcase name="insertTextAdmin" time="1.131" classname="testCases.LoginTestCase"/>
  <testcase name="insertTextPassword" time="1.12" classname="testCases.LoginTestCase"/>
  <testcase name="clickLogin" time="3.838" classname="testCases.LoginTestCase"/>
</testsuite> <!-- Default test -->
